# JRE version: OpenJDK Runtime Environment (17.0.6) (build 17.0.6+0-b2043.56-10027231)
# Java VM: OpenJDK 64-Bit Server VM (17.0.6+0-b2043.56-10027231, mixed mode, tiered, compressed oops, compressed class ptrs, g1 gc, windows-amd64)
GC Precious Log:
 CPUs: 4 total, 4 available
 Memory: 8108M
 Large Page Support: Disabled
 NUMA Support: Disabled
 Compressed Oops: Enabled (32-bit)
 Heap Region Size: 1M
 Heap Min Capacity: 8M
 Heap Initial Capacity: 128M
 Heap Max Capacity: 2G
 Pre-touch: Disabled
 Parallel Workers: 4
 Concurrent Workers: 1
 Concurrent Refinement Workers: 4
 Periodic GC: Disabled
Heap:
 garbage-first heap   total 406528K, used 277166K [0x0000000080000000, 0x0000000100000000)
  region size 1024K, 52 young (53248K), 13 survivors (13312K)
 Metaspace       used 167712K, committed 168960K, reserved 1204224K
  class space    used 21546K, committed 22144K, reserved 1048576K
GC Heap History (20 events):
Event: 86.941 GC heap before
{Heap before GC invocations=58 (full 0):
 garbage-first heap   total 406528K, used 311808K [0x0000000080000000, 0x0000000100000000)
  region size 1024K, 122 young (124928K), 17 survivors (17408K)
 Metaspace       used 144257K, committed 145152K, reserved 1179648K
  class space    used 18804K, committed 19264K, reserved 1048576K
}
Event: 86.975 GC heap after
{Heap after GC invocations=59 (full 0):
 garbage-first heap   total 406528K, used 210944K [0x0000000080000000, 0x0000000100000000)
  region size 1024K, 6 young (6144K), 6 survivors (6144K)
 Metaspace       used 144257K, committed 145152K, reserved 1179648K
  class space    used 18804K, committed 19264K, reserved 1048576K
}
Event: 88.151 GC heap before
{Heap before GC invocations=59 (full 0):
 garbage-first heap   total 406528K, used 321536K [0x0000000080000000, 0x0000000100000000)
  region size 1024K, 114 young (116736K), 6 survivors (6144K)
 Metaspace       used 144257K, committed 145152K, reserved 1179648K
  class space    used 18804K, committed 19264K, reserved 1048576K
}
Event: 88.164 GC heap after
{Heap after GC invocations=60 (full 0):
 garbage-first heap   total 406528K, used 215286K [0x0000000080000000, 0x0000000100000000)
  region size 1024K, 10 young (10240K), 10 survivors (10240K)
 Metaspace       used 144257K, committed 145152K, reserved 1179648K
  class space    used 18804K, committed 19264K, reserved 1048576K
}
Event: 95.995 GC heap before
{Heap before GC invocations=60 (full 0):
 garbage-first heap   total 406528K, used 343286K [0x0000000080000000, 0x0000000100000000)
  region size 1024K, 119 young (121856K), 10 survivors (10240K)
 Metaspace       used 153862K, committed 154752K, reserved 1187840K
  class space    used 20016K, committed 20416K, reserved 1048576K
}
Event: 96.012 GC heap after
{Heap after GC invocations=61 (full 0):
 garbage-first heap   total 406528K, used 215908K [0x0000000080000000, 0x0000000100000000)
  region size 1024K, 8 young (8192K), 8 survivors (8192K)
 Metaspace       used 153862K, committed 154752K, reserved 1187840K
  class space    used 20016K, committed 20416K, reserved 1048576K
}
Event: 108.430 GC heap before
{Heap before GC invocations=61 (full 0):
 garbage-first heap   total 406528K, used 332644K [0x0000000080000000, 0x0000000100000000)
  region size 1024K, 121 young (123904K), 8 survivors (8192K)
 Metaspace       used 157759K, committed 158656K, reserved 1187840K
  class space    used 20362K, committed 20800K, reserved 1048576K
}
Event: 108.453 GC heap after
{Heap after GC invocations=62 (full 0):
 garbage-first heap   total 406528K, used 221412K [0x0000000080000000, 0x0000000100000000)
  region size 1024K, 14 young (14336K), 14 survivors (14336K)
 Metaspace       used 157759K, committed 158656K, reserved 1187840K
  class space    used 20362K, committed 20800K, reserved 1048576K
}
Event: 290.390 GC heap before
{Heap before GC invocations=62 (full 0):
 garbage-first heap   total 406528K, used 334052K [0x0000000080000000, 0x0000000100000000)
  region size 1024K, 124 young (126976K), 14 survivors (14336K)
 Metaspace       used 161835K, committed 162880K, reserved 1196032K
  class space    used 20877K, committed 21376K, reserved 1048576K
}
Event: 290.415 GC heap after
{Heap after GC invocations=63 (full 0):
 garbage-first heap   total 406528K, used 230489K [0x0000000080000000, 0x0000000100000000)
  region size 1024K, 16 young (16384K), 16 survivors (16384K)
 Metaspace       used 161835K, committed 162880K, reserved 1196032K
  class space    used 20877K, committed 21376K, reserved 1048576K
}
Event: 317.182 GC heap before
{Heap before GC invocations=63 (full 0):
 garbage-first heap   total 406528K, used 334937K [0x0000000080000000, 0x0000000100000000)
  region size 1024K, 119 young (121856K), 16 survivors (16384K)
 Metaspace       used 162539K, committed 163648K, reserved 1196032K
  class space    used 20907K, committed 21440K, reserved 1048576K
}
Event: 317.210 GC heap after
{Heap after GC invocations=64 (full 0):
 garbage-first heap   total 406528K, used 230400K [0x0000000080000000, 0x0000000100000000)
  region size 1024K, 4 young (4096K), 4 survivors (4096K)
 Metaspace       used 162539K, committed 163648K, reserved 1196032K
  class space    used 20907K, committed 21440K, reserved 1048576K
}
Event: 342.772 GC heap before
{Heap before GC invocations=64 (full 0):
 garbage-first heap   total 406528K, used 338944K [0x0000000080000000, 0x0000000100000000)
  region size 1024K, 111 young (113664K), 4 survivors (4096K)
 Metaspace       used 163048K, committed 164160K, reserved 1196032K
  class space    used 20942K, committed 21440K, reserved 1048576K
}
Event: 342.779 GC heap after
{Heap after GC invocations=65 (full 0):
 garbage-first heap   total 406528K, used 229998K [0x0000000080000000, 0x0000000100000000)
  region size 1024K, 4 young (4096K), 4 survivors (4096K)
 Metaspace       used 163048K, committed 164160K, reserved 1196032K
  class space    used 20942K, committed 21440K, reserved 1048576K
}
Event: 2226.307 GC heap before
{Heap before GC invocations=65 (full 0):
 garbage-first heap   total 406528K, used 341614K [0x0000000080000000, 0x0000000100000000)
  region size 1024K, 114 young (116736K), 4 survivors (4096K)
 Metaspace       used 163563K, committed 164736K, reserved 1196032K
  class space    used 20976K, committed 21504K, reserved 1048576K
}
Event: 2226.318 GC heap after
{Heap after GC invocations=66 (full 0):
 garbage-first heap   total 406528K, used 228565K [0x0000000080000000, 0x0000000100000000)
  region size 1024K, 3 young (3072K), 3 survivors (3072K)
 Metaspace       used 163563K, committed 164736K, reserved 1196032K
  class space    used 20976K, committed 21504K, reserved 1048576K
}
Event: 8621.231 GC heap before
{Heap before GC invocations=66 (full 0):
 garbage-first heap   total 406528K, used 345301K [0x0000000080000000, 0x0000000100000000)
  region size 1024K, 118 young (120832K), 3 survivors (3072K)
 Metaspace       used 163604K, committed 164736K, reserved 1196032K
  class space    used 20976K, committed 21504K, reserved 1048576K
}
Event: 8621.243 GC heap after
{Heap after GC invocations=67 (full 0):
 garbage-first heap   total 406528K, used 227688K [0x0000000080000000, 0x0000000100000000)
  region size 1024K, 2 young (2048K), 2 survivors (2048K)
 Metaspace       used 163604K, committed 164736K, reserved 1196032K
  class space    used 20976K, committed 21504K, reserved 1048576K
}
Event: 9724.888 GC heap before
{Heap before GC invocations=67 (full 0):
 garbage-first heap   total 406528K, used 349544K [0x0000000080000000, 0x0000000100000000)
  region size 1024K, 122 young (124928K), 2 survivors (2048K)
 Metaspace       used 165390K, committed 166592K, reserved 1196032K
  class space    used 21214K, committed 21760K, reserved 1048576K
}
Event: 9724.916 GC heap after
{Heap after GC invocations=68 (full 0):
 garbage-first heap   total 406528K, used 239278K [0x0000000080000000, 0x0000000100000000)
  region size 1024K, 13 young (13312K), 13 survivors (13312K)
 Metaspace       used 165390K, committed 166592K, reserved 1196032K
  class space    used 21214K, committed 21760K, reserved 1048576K
}

